{"message":"Bookmark with id 3 not found.","level":"error"}
{"message":"Bookmark with id f6955114-0c8b-413c-91eb-3790de42b44f created","level":"info"}
{"message":"URL is required","level":"error"}
{"message":"Bookmark with id 2 deleted.","level":"info"}
{"message":"Bookmark with id 3 not found","level":"error"}
{"message":"Bookmark with id 185f4018-430e-4404-aaba-953776f398db created","level":"info"}
{"message":"Bookmark with id 1 created","level":"info"}
{"message":"Bookmark with id 1 created","level":"info"}
{"message":"Bookmark with id 1 created","level":"info"}
{"message":"Bookmark with id 1 created","level":"info"}
{"message":"Bookmark with id 1 created","level":"info"}
{"message":"Bookmark with id 1 created","level":"info"}
{"message":"Bookmark with id 1 created","level":"info"}
{"message":"Bookmark with id 1 created","level":"info"}
{"message":"Bookmark with id 1 created","level":"info"}
{"message":"Bookmark with id 1 created","level":"info"}
{"message":"Bookmark with id 1 deleted.","level":"info"}
{"message":"Bookmark with id 2 deleted.","level":"info"}
{"message":"Bookmark with id 1 created","level":"info"}
{"message":"Bookmark with id 1 created","level":"info"}
{"message":"Title is required","level":"error"}
{"message":"URL is required","level":"error"}
{"message":"Bookmark with id 1 created","level":"info"}
{"message":"Bookmark with id 2 created","level":"info"}
{"message":"Bookmark with id 1 created","level":"info"}
{"message":"Title is required","level":"error"}
{"message":"URL is required","level":"error"}
{"message":"Bookmark with id 1 created","level":"info"}
{"message":"Bookmark with id 1 created","level":"info"}
{"message":"Bookmark with id 1 created","level":"info"}
{"message":"Title is required","level":"error"}
{"message":"URL is required","level":"error"}
{"message":"Bookmark with id 1 created","level":"info"}
{"message":"Bookmark with id 1 created","level":"info"}
{"message":"Bookmark with id 1 created","level":"info"}
{"message":"Title is required","level":"error"}
{"message":"URL is required","level":"error"}
{"message":"Bookmark with id 1 created","level":"info"}
{"message":"Bookmark with id 1 created","level":"info"}
{"message":"Bookmark with id 1 created","level":"info"}
{"message":"Bookmark with id 1 created","level":"info"}
{"message":"Bookmark with id 1 created","level":"info"}
{"message":"Bookmark with id 1 created","level":"info"}
{"message":"Bookmark with id 1 created","level":"info"}
{"message":"Bookmark with id 2 deleted.","level":"info"}
{"message":"Bookmark with id 1 created","level":"info"}
{"message":"Bookmark with id 1 created","level":"info"}
{"message":"Bookmark with id 1 created","level":"info"}
{"message":"Bookmark with id 1 created","level":"info"}
{"message":"Bookmark with id 1 created","level":"info"}
{"message":"Bookmark with id 1 created","level":"info"}
{"message":"Bookmark with id 1 created","level":"info"}
{"message":"Bookmark with id 1 created","level":"info"}
{"message":"Bookmark with id 1 created","level":"info"}
{"message":"Bookmark with id 1 created","level":"info"}
{"message":"Bookmark with id 1 created","level":"info"}
{"message":"Bookmark with id 1 created","level":"info"}
{"message":"Bookmark with id 1 created","level":"info"}
{"message":"Bookmark with id 1 created","level":"info"}
{"message":"Bookmark with id 1 created","level":"info"}
{"message":"Bookmark with id 1 created","level":"info"}
{"message":"Bookmark with id 1 created","level":"info"}
{"message":"Bookmark with id 1 created","level":"info"}
{"message":"Bookmark with id 1 created","level":"info"}
{"message":"Bookmark with id 1 created","level":"info"}
{"message":"Bookmark with id 1 created","level":"info"}
{"message":"Bookmark with id 1 created","level":"info"}
{"message":"Bookmark with id 1 created","level":"info"}
{"message":"Bookmark with id 1 created","level":"info"}
{"message":"Bookmark with id 1 created","level":"info"}
{"message":"Bookmark with id 1 created","level":"info"}
{"message":"Bookmark with id 1 created","level":"info"}
{"message":"Bookmark with id 1 created","level":"info"}
